2022-10-07T11:05:27.1872510+02:00  [WRN] No type was specified for the decimal property '"Discount"' on entity type '"OrderDetail"'. This will cause values to be silently truncated if they do not fit in the default precision and scale. Explicitly specify the SQL server column type that can accommodate all the values in 'OnModelCreating' using 'HasColumnType()', specify precision and scale using 'HasPrecision()' or configure a value converter using 'HasConversion()'. (5c92c1c4)
2022-10-07T11:05:27.2260588+02:00  [WRN] No type was specified for the decimal property '"UnitPrice"' on entity type '"OrderDetail"'. This will cause values to be silently truncated if they do not fit in the default precision and scale. Explicitly specify the SQL server column type that can accommodate all the values in 'OnModelCreating' using 'HasColumnType()', specify precision and scale using 'HasPrecision()' or configure a value converter using 'HasConversion()'. (5c92c1c4)
2022-10-07T11:05:37.6763251+02:00  [INF] Starting IdentityServer4 version "4.1.2+997a6cdd643e46cd5762b710c4ddc43574cbec2e" (8add0571)
2022-10-07T11:05:37.7172815+02:00  [INF] You are using the in-memory version of the persisted grant store. This will store consent decisions, authorization codes, refresh and reference tokens in memory only. If you are using any of those features in production, you want to switch to a different store implementation. (553c312b)
2022-10-07T11:05:37.7355605+02:00  [INF] Using the default authentication scheme "Identity.Application" for IdentityServer (4a54f457)
2022-10-07T11:05:38.7898872+02:00  [INF] Application started. Press Ctrl+C to shut down. (dcaefe54)
2022-10-07T11:05:38.8129256+02:00  [INF] Hosting environment: "Development" (c3307c92)
2022-10-07T11:05:38.8521642+02:00  [INF] Content root path: "C:\Users\RitoVukela\source\repos\OnlineStore\OnlineStore" (b5d60022)
2022-10-07T11:08:40.0486287+02:00 80000357-0002-f300-b63f-84710c7967bb [ERR] An unhandled exception has occurred while executing the request. (48a46595)
System.TimeoutException: The Angular CLI process did not start listening for requests within the timeout period of 180 seconds. Check the log output for error information.
   at Microsoft.AspNetCore.SpaServices.Extensions.Util.TaskTimeoutExtensions.WithTimeout[T](Task`1 task, TimeSpan timeoutDelay, String message)
   at Microsoft.AspNetCore.SpaServices.Extensions.Proxy.SpaProxy.PerformProxyRequest(HttpContext context, HttpClient httpClient, Task`1 baseUriTask, CancellationToken applicationStoppingToken, Boolean proxy404s)
   at Microsoft.AspNetCore.Builder.SpaProxyingExtensions.<>c__DisplayClass2_0.<<UseProxyToSpaDevelopmentServer>b__0>d.MoveNext()
--- End of stack trace from previous location ---
   at Swashbuckle.AspNetCore.SwaggerUI.SwaggerUIMiddleware.Invoke(HttpContext httpContext)
   at Swashbuckle.AspNetCore.Swagger.SwaggerMiddleware.Invoke(HttpContext httpContext, ISwaggerProvider swaggerProvider)
   at Microsoft.AspNetCore.Authorization.AuthorizationMiddleware.Invoke(HttpContext context)
   at IdentityServer4.Hosting.IdentityServerMiddleware.Invoke(HttpContext context, IEndpointRouter router, IUserSession session, IEventService events, IBackChannelLogoutService backChannelLogoutService)
   at IdentityServer4.Hosting.MutualTlsEndpointMiddleware.Invoke(HttpContext context, IAuthenticationSchemeProvider schemes)
   at Microsoft.AspNetCore.Authentication.AuthenticationMiddleware.Invoke(HttpContext context)
   at IdentityServer4.Hosting.BaseUrlMiddleware.Invoke(HttpContext context)
   at Microsoft.AspNetCore.Diagnostics.DeveloperExceptionPageMiddleware.Invoke(HttpContext context)
2022-10-07T11:11:57.4819796+02:00 800002b2-0003-f900-b63f-84710c7967bb [INF] Invoking IdentityServer endpoint: "IdentityServer4.Endpoints.DiscoveryEndpoint" for "/.well-known/openid-configuration" (f7642de5)
2022-10-07T11:11:57.7217769+02:00 800002c6-0001-ed00-b63f-84710c7967bb [INF] Invoking IdentityServer endpoint: "IdentityServer4.Endpoints.DiscoveryKeyEndpoint" for "/.well-known/openid-configuration/jwks" (f7642de5)
2022-10-07T11:11:57.8246999+02:00 80000361-0002-f300-b63f-84710c7967bb [INF] Invoking IdentityServer endpoint: "IdentityServer4.Endpoints.TokenEndpoint" for "/connect/token" (f7642de5)
2022-10-07T11:11:58.9727475+02:00 80000361-0002-f300-b63f-84710c7967bb [INF] Credentials validated for username: "admin" (cb811aa7)
2022-10-07T11:11:59.2075900+02:00 80000361-0002-f300-b63f-84710c7967bb [INF] Token request validation success, TokenRequestValidationLog { ClientId: "quickapp_spa", ClientName: null, GrantType: "password", Scopes: "email offline_access openid phone profile quickapp_api roles", AuthorizationCode: "********", RefreshToken: "********", UserName: "admin", AuthenticationContextReferenceClasses: null, Tenant: null, IdP: null, Raw: [("username": "admin"), ("password": "***REDACTED***"), ("client_id": "quickapp_spa"), ("grant_type": "password"), ("scope": "openid email phone profile offline_access roles quickapp_api")] } (3a073258)
2022-10-07T11:35:40.3873191+02:00  [ERR] Error: src/app/components/customers/customers.component.ts:20:15 - error TS2304: Cannot find name 'Customer'.
 (5b9efaa9)
2022-10-07T11:35:40.4168100+02:00  [ERR] 20   customers : Customer
 (789dec1a)
2022-10-07T11:35:40.4443396+02:00  [ERR]                  ~~~~~~~~
 (09c31fe2)
2022-10-07T12:27:07.4870637+02:00  [WRN] No type was specified for the decimal property '"Discount"' on entity type '"OrderDetail"'. This will cause values to be silently truncated if they do not fit in the default precision and scale. Explicitly specify the SQL server column type that can accommodate all the values in 'OnModelCreating' using 'HasColumnType()', specify precision and scale using 'HasPrecision()' or configure a value converter using 'HasConversion()'. (5c92c1c4)
2022-10-07T12:27:07.5234239+02:00  [WRN] No type was specified for the decimal property '"UnitPrice"' on entity type '"OrderDetail"'. This will cause values to be silently truncated if they do not fit in the default precision and scale. Explicitly specify the SQL server column type that can accommodate all the values in 'OnModelCreating' using 'HasColumnType()', specify precision and scale using 'HasPrecision()' or configure a value converter using 'HasConversion()'. (5c92c1c4)
2022-10-07T12:27:16.0237996+02:00  [INF] Starting IdentityServer4 version "4.1.2+997a6cdd643e46cd5762b710c4ddc43574cbec2e" (8add0571)
2022-10-07T12:27:16.0617132+02:00  [INF] You are using the in-memory version of the persisted grant store. This will store consent decisions, authorization codes, refresh and reference tokens in memory only. If you are using any of those features in production, you want to switch to a different store implementation. (553c312b)
2022-10-07T12:27:16.0782320+02:00  [INF] Using the default authentication scheme "Identity.Application" for IdentityServer (4a54f457)
2022-10-07T12:27:17.6828982+02:00  [INF] Application started. Press Ctrl+C to shut down. (dcaefe54)
2022-10-07T12:27:17.7311229+02:00  [INF] Hosting environment: "Development" (c3307c92)
2022-10-07T12:27:17.7521468+02:00  [INF] Content root path: "C:\Users\RitoVukela\source\repos\OnlineStore\OnlineStore" (b5d60022)
2022-10-07T12:29:39.9782527+02:00  [ERR] Error: src/app/components/customers/customers.component.ts:20:15 - error TS2304: Cannot find name 'Customer'.
 (5b9efaa9)
2022-10-07T12:29:39.9832253+02:00  [ERR] 20   customers : Customer
 (789dec1a)
2022-10-07T12:29:39.9951355+02:00  [ERR]                  ~~~~~~~~
 (09c31fe2)
